<?xml version="1.0" encoding="UTF-8"?>
<!-- Generated by org.testng.reporters.JUnitReportReporter -->
<testsuite hostname="SACHITHA544" failures="0" tests="3" name="tests.TestCategory_6327" time="0.984" errors="0" timestamp="2022-11-16T05:32:37 IST" skipped="0">
  <testcase classname="tests.TestCategory_6327" name="verify_Name" time="0.812"/>
  <system-out/>
  <testcase classname="tests.TestCategory_6327" name="verify_CanRelist" time="0.033"/>
  <system-out/>
  <testcase classname="tests.TestCategory_6327" name="verify_Gallery_Description" time="0.139"/>
  <system-out/>
</testsuite> <!-- tests.TestCategory_6327 -->
